#-----------------------------------------------------------
# Vivado v2016.3 (64-bit)
# SW Build 1682563 on Mon Oct 10 19:07:27 MDT 2016
# IP Build 1681267 on Mon Oct 10 21:28:31 MDT 2016
# Start of session at: Sat Nov 19 17:29:05 2016
# Process ID: 1456
# Current directory: C:/Users/Philip Glynn/Desktop/POVDisplay
# Command line: vivado.exe -gui_launcher_event rodinguilauncherevent4260 C:\Users\Philip Glynn\Desktop\POVDisplay\POVDisplay.xpr
# Log file: C:/Users/Philip Glynn/Desktop/POVDisplay/vivado.log
# Journal file: C:/Users/Philip Glynn/Desktop/POVDisplay\vivado.jou
#-----------------------------------------------------------
start_gui
open_project {C:/Users/Philip Glynn/Desktop/POVDisplay/POVDisplay.xpr}
Scanning sources...
Finished scanning sources
WARNING: [filemgmt 56-3] IP Output Repository Path: Could not find the directory 'C:/Users/Philip Glynn/Desktop/POVDisplay/POVDisplay.cache/ip'.
INFO: [IP_Flow 19-234] Refreshing IP repositories
INFO: [IP_Flow 19-1704] No user IP repositories specified
INFO: [IP_Flow 19-2313] Loaded Vivado IP repository 'C:/Xilinx/Vivado/2016.3/data/ip'.
open_project: Time (s): cpu = 00:00:12 ; elapsed = 00:00:18 . Memory (MB): peak = 716.680 ; gain = 125.762
open_hw
connect_hw_server
INFO: [Labtools 27-2285] Connecting to hw_server url TCP:localhost:3121
INFO: [Labtools 27-2222] Launching hw_server...
INFO: [Labtools 27-2221] Launch Output:

****** Xilinx hw_server v2016.3
  **** Build date : Oct 10 2016-19:47:06
    ** Copyright 1986-2016 Xilinx, Inc. All Rights Reserved.


connect_hw_server: Time (s): cpu = 00:00:00 ; elapsed = 00:00:10 . Memory (MB): peak = 718.289 ; gain = 0.000
open_hw_target
ERROR: [Labtoolstcl 44-469] There is no current hw_target.
exit
INFO: [Common 17-206] Exiting Vivado at Sat Nov 19 17:35:48 2016...
