#-----------------------------------------------------------
# Vivado v2016.3 (64-bit)
# SW Build 1682563 on Mon Oct 10 19:07:27 MDT 2016
# IP Build 1681267 on Mon Oct 10 21:28:31 MDT 2016
# Start of session at: Sat Dec 10 16:37:32 2016
# Process ID: 11916
# Current directory: C:/Users/Philip Glynn/Desktop/POVDisplay
# Command line: vivado.exe -gui_launcher_event rodinguilauncherevent12840 C:\Users\Philip Glynn\Desktop\POVDisplay\POVDisplay.xpr
# Log file: C:/Users/Philip Glynn/Desktop/POVDisplay/vivado.log
# Journal file: C:/Users/Philip Glynn/Desktop/POVDisplay\vivado.jou
#-----------------------------------------------------------
start_gui
open_project {C:/Users/Philip Glynn/Desktop/POVDisplay/POVDisplay.xpr}
Scanning sources...
Finished scanning sources
WARNING: [filemgmt 56-3] IP Output Repository Path: Could not find the directory 'C:/Users/Philip Glynn/Desktop/POVDisplay/POVDisplay.cache/ip'.
INFO: [IP_Flow 19-234] Refreshing IP repositories
INFO: [IP_Flow 19-1704] No user IP repositories specified
INFO: [IP_Flow 19-2313] Loaded Vivado IP repository 'C:/Xilinx/Vivado/2016.3/data/ip'.
open_project: Time (s): cpu = 00:00:11 ; elapsed = 00:00:12 . Memory (MB): peak = 737.297 ; gain = 100.414
launch_runs impl_1
[Sat Dec 10 16:38:15 2016] Launched impl_1...
Run output will be captured here: C:/Users/Philip Glynn/Desktop/POVDisplay/POVDisplay.runs/impl_1/runme.log
reset_run synth_1
WARNING: [Vivado 12-1017] Problems encountered:
1. PID not specified
2. Failed to delete one or more files in run directory C:/Users/Philip Glynn/Desktop/POVDisplay/POVDisplay.runs/synth_1

launch_runs synth_1
INFO: [HDL 9-2216] Analyzing SystemVerilog file "C:/Users/Philip Glynn/Desktop/POVDisplay/POVDisplay.srcs/sources_1/imports/HDL files/povDisplay.sv" into library work [C:/Users/Philip Glynn/Desktop/POVDisplay/POVDisplay.srcs/sources_1/imports/HDL files/povDisplay.sv:1]
[Sat Dec 10 16:40:12 2016] Launched synth_1...
Run output will be captured here: C:/Users/Philip Glynn/Desktop/POVDisplay/POVDisplay.runs/synth_1/runme.log
launch_runs impl_1
[Sat Dec 10 16:41:30 2016] Launched impl_1...
Run output will be captured here: C:/Users/Philip Glynn/Desktop/POVDisplay/POVDisplay.runs/impl_1/runme.log
reset_run impl_1
WARNING: [Vivado 12-1017] Problems encountered:
1. PID not specified

exit
INFO: [Common 17-206] Exiting Vivado at Sat Dec 10 16:44:32 2016...
