#-----------------------------------------------------------
# Vivado v2016.3 (64-bit)
# SW Build 1682563 on Mon Oct 10 19:07:27 MDT 2016
# IP Build 1681267 on Mon Oct 10 21:28:31 MDT 2016
# Start of session at: Sun Dec 11 02:16:11 2016
# Process ID: 3044
# Current directory: C:/Users/Philip Glynn/Desktop/POVDisplay
# Command line: vivado.exe -gui_launcher_event rodinguilauncherevent7416 C:\Users\Philip Glynn\Desktop\POVDisplay\POVDisplay.xpr
# Log file: C:/Users/Philip Glynn/Desktop/POVDisplay/vivado.log
# Journal file: C:/Users/Philip Glynn/Desktop/POVDisplay\vivado.jou
#-----------------------------------------------------------
start_gui
open_project {C:/Users/Philip Glynn/Desktop/POVDisplay/POVDisplay.xpr}
Scanning sources...
Finished scanning sources
WARNING: [filemgmt 56-3] IP Output Repository Path: Could not find the directory 'C:/Users/Philip Glynn/Desktop/POVDisplay/POVDisplay.cache/ip'.
INFO: [IP_Flow 19-234] Refreshing IP repositories
INFO: [IP_Flow 19-1704] No user IP repositories specified
INFO: [IP_Flow 19-2313] Loaded Vivado IP repository 'C:/Xilinx/Vivado/2016.3/data/ip'.
open_project: Time (s): cpu = 00:00:15 ; elapsed = 00:00:31 . Memory (MB): peak = 736.988 ; gain = 146.691
exit
INFO: [Common 17-206] Exiting Vivado at Sun Dec 11 02:21:38 2016...
ut will be captured here: C:/Users/Philip Glynn/Desktop/POVDisplay/POVDisplay.runs/impl_1/runme.log
launch_runs: Time (s): cpu = 00:00:02 ; elapsed = 00:00:19 . Memory (MB): peak = 758.094 ; gain = 13.484
launch_runs impl_1 -to_step write_bitstream
[Sun Dec 11 02:20:31 2016] Launched impl_1...
Run output will be captured here: C:/Users/Philip Glynn/Desktop/POVDisplay/POVDisplay.runs/impl_1/runme.log
open_hw
connect_hw_server
INFO: [Labtools 27-2285] Connecting to hw_server url TCP:localhost:3121
INFO: [Labtools 27-2222] Launching hw_server...
INFO: [Labtools 27-2221] Launch Output:

****** Xilinx hw_server v2016.3
  **** Build date : Oct 10 2016-19:47:06
    ** Copyright 1986-2016 Xilinx, Inc. All Rights Reserved.


open_hw_target
INFO: [Labtoolstcl 44-466] Opening hw_target localhost:3121/xilinx_tcf/Digilent/210183A27C7EA
set_property PROGRAM.FILE {C:/Users/Philip Glynn/Desktop/POVDisplay/POVDisplay.runs/impl_1/povDisplay.bin} [lindex [get_hw_devices xc7a35t_0] 0]
current_hw_device [lindex [get_hw_devices xc7a35t_0] 0]
refresh_hw_device -update_hw_probes false [lindex [get_hw_devices xc7a35t_0] 0]
INFO: [Labtools 27-1434] Device xc7a35t (JTAG device index = 0) is programmed with a design that has no supported debug core(s) in it.
WARNING: [Labtools 27-3123] The debug hub core was not detected at User Scan Chain 1 or 3.
Resolution: 
1. Make sure the clock connected to the debug hub (dbg_hub) core is a free running clock and is active OR
2. Manually launch hw_server with -e "set xsdb-user-bscan <C_USER_SCAN_CHAIN scan_chain_number>" to detect the debug hub at User Scan Chain of 2 or 4. To determine the user scan chain setting, open the implemented design and use: get_property C_USER_SCAN_CHAIN [get_debug_cores dbg_hub].
set_property PROBES.FILE {} [lindex [get_hw_devices xc7a35t_0] 0]
set_property PROGRAM.FILE {C:/Users/Philip Glynn/Desktop/POVDisplay/POVDisplay.runs/impl_1/povDisplay.bin} [lindex [get_hw_devices xc7a35t_0] 0]
program_hw_devices [lindex [get_hw_devices xc7a35t_0] 0]
INFO: [Labtools 27-3164] End of startup status: HIGH
refresh_hw_device [lindex [get_hw_devices xc7a35t_0] 0]
INFO: [Labtools 27-1434] Device xc7a35t (JTAG device index = 0) is programmed with a design that has no supported debug core(s) in it.
WARNING: [Labtools 27-3123] The debug hub core was not detected at User Scan Chain 1 or 3.
Resolution: 
1. Make sure the clock connected to the debug hub (dbg_hub) core is a free running clock and is active OR
2. Manually launch hw_server with -e "set xsdb-user-bscan <C_USER_SCAN_CHAIN scan_chain_number>" to detect the debug hub at User Scan Chain of 2 or 4. To determine the user scan chain setting, open the implemented design and use: get_property C_USER_SCAN_CHAIN [get_debug_cores dbg_hub].
reset_run synth_1
launch_runs synth_1
INFO: [HDL 9-2216] Analyzing SystemVerilog file "C:/Users/Philip Glynn/Desktop/POVDisplay/POVDisplay.srcs/sources_1/imports/HDL files/povDisplay.sv" into library work [C:/Users/Philip Glynn/Desktop/POVDisplay/POVDisplay.srcs/sources_1/imports/HDL files/povDisplay.sv:1]
[Sun Dec 11 02:23:42 2016] Launched synth_1...
Run output will be captured here: C:/Users/Philip Glynn/Desktop/POVDisplay/POVDisplay.runs/synth_1/runme.log
refresh_hw_device [lindex [get_hw_devices xc7a35t_0] 0]
INFO: [Labtools 27-1434] Device xc7a35t (JTAG device index = 0) is programmed with a design that has no supported debug core(s) in it.
WARNING: [Labtools 27-3123] The debug hub core was not detected at User Scan Chain 1 or 3.
Resolution: 
1. Make sure the clock connected to the debug hub (dbg_hub) core is a free running clock and is active OR
2. Manually launch hw_server with -e "set xsdb-user-bscan <C_USER_SCAN_CHAIN scan_chain_number>" to detect the debug hub at User Scan Chain of 2 or 4. To determine the user scan chain setting, open the implemented design and use: get_property C_USER_SCAN_CHAIN [get_debug_cores dbg_hub].
launch_runs impl_1
[Sun Dec 11 02:26:20 2016] Launched impl_1...
Run output will be captured here: C:/Users/Philip Glynn/Desktop/POVDisplay/POVDisplay.runs/impl_1/runme.log
launch_runs impl_1 -to_step write_bitstream
[Sun Dec 11 02:28:19 2016] Launched impl_1...
Run output will be captured here: C:/Users/Philip Glynn/Desktop/POVDisplay/POVDisplay.runs/impl_1/runme.log
set_property PROBES.FILE {} [lindex [get_hw_devices xc7a35t_0] 0]
set_property PROGRAM.FILE {C:/Users/Philip Glynn/Desktop/POVDisplay/POVDisplay.runs/impl_1/povDisplay.bin} [lindex [get_hw_devices xc7a35t_0] 0]
program_hw_devices [lindex [get_hw_devices xc7a35t_0] 0]
INFO: [Labtools 27-3164] End of startup status: HIGH
refresh_hw_device [lindex [get_hw_devices xc7a35t_0] 0]
INFO: [Labtools 27-1434] Device xc7a35t (JTAG device index = 0) is programmed with a design that has no supported debug core(s) in it.
WARNING: [Labtools 27-3123] The debug hub core was not detected at User Scan Chain 1 or 3.
Resolution: 
1. Make sure the clock connected to the debug hub (dbg_hub) core is a free running clock and is active OR
2. Manually launch hw_server with -e "set xsdb-user-bscan <C_USER_SCAN_CHAIN scan_chain_number>" to detect the debug hub at User Scan Chain of 2 or 4. To determine the user scan chain setting, open the implemented design and use: get_property C_USER_SCAN_CHAIN [get_debug_cores dbg_hub].
reset_run synth_1
launch_runs synth_1
INFO: [HDL 9-2216] Analyzing SystemVerilog file "C:/Users/Philip Glynn/Desktop/POVDisplay/POVDisplay.srcs/sources_1/imports/HDL files/povDisplay.sv" into library work [C:/Users/Philip Glynn/Desktop/POVDisplay/POVDisplay.srcs/sources_1/imports/HDL files/povDisplay.sv:1]
[Sun Dec 11 02:31:21 2016] Launched synth_1...
Run output will be captured here: C:/Users/Philip Glynn/Desktop/POVDisplay/POVDisplay.runs/synth_1/runme.log
launch_runs impl_1
[Sun Dec 11 02:32:11 2016] Launched impl_1...
Run output will be captured here: C:/Users/Philip Glynn/Desktop/POVDisplay/POVDisplay.runs/impl_1/runme.log
reset_run synth_1
launch_runs synth_1
INFO: [HDL 9-2216] Analyzing SystemVerilog file "C:/Users/Philip Glynn/Desktop/POVDisplay/POVDisplay.srcs/sources_1/imports/HDL files/povDisplay.sv" into library work [C:/Users/Philip Glynn/Desktop/POVDisplay/POVDisplay.srcs/sources_1/imports/HDL files/povDisplay.sv:1]
[Sun Dec 11 02:34:33 2016] Launched synth_1...
Run output will be captured here: C:/Users/Philip Glynn/Desktop/POVDisplay/POVDisplay.runs/synth_1/runme.log
reset_run synth_1
launch_runs synth_1
INFO: [HDL 9-2216] Analyzing SystemVerilog file "C:/Users/Philip Glynn/Desktop/POVDisplay/POVDisplay.srcs/sources_1/imports/HDL files/povDisplay.sv" into library work [C:/Users/Philip Glynn/Desktop/POVDisplay/POVDisplay.srcs/sources_1/imports/HDL files/povDisplay.sv:1]
[Sun Dec 11 02:37:09 2016] Launched synth_1...
Run output will be captured here: C:/Users/Philip Glynn/Desktop/POVDisplay/POVDisplay.runs/synth_1/runme.log
reset_run synth_1
launch_runs synth_1
INFO: [HDL 9-2216] Analyzing SystemVerilog file "C:/Users/Philip Glynn/Desktop/POVDisplay/POVDisplay.srcs/sources_1/imports/HDL files/povDisplay.sv" into library work [C:/Users/Philip Glynn/Desktop/POVDisplay/POVDisplay.srcs/sources_1/imports/HDL files/povDisplay.sv:1]
[Sun Dec 11 02:42:19 2016] Launched synth_1...
Run output will be captured here: C:/Users/Philip Glynn/Desktop/POVDisplay/POVDisplay.runs/synth_1/runme.log
launch_runs impl_1
[Sun Dec 11 02:43:44 2016] Launched impl_1...
Run output will be captured here: C:/Users/Philip Glynn/Desktop/POVDisplay/POVDisplay.runs/impl_1/runme.log
launch_runs impl_1 -to_step write_bitstream
[Sun Dec 11 02:45:39 2016] Launched impl_1...
Run output will be captured here: C:/Users/Philip Glynn/Desktop/POVDisplay/POVDisplay.runs/impl_1/runme.log
set_property PROBES.FILE {} [lindex [get_hw_devices xc7a35t_0] 0]
set_property PROGRAM.FILE {C:/Users/Philip Glynn/Desktop/POVDisplay/POVDisplay.runs/impl_1/povDisplay.bin} [lindex [get_hw_devices xc7a35t_0] 0]
program_hw_devices [lindex [get_hw_devices xc7a35t_0] 0]
INFO: [Labtools 27-3164] End of startup status: HIGH
refresh_hw_device [lindex [get_hw_devices xc7a35t_0] 0]
INFO: [Labtools 27-1434] Device xc7a35t (JTAG device index = 0) is programmed with a design that has no supported debug core(s) in it.
WARNING: [Labtools 27-3123] The debug hub core was not detected at User Scan Chain 1 or 3.
Resolution: 
1. Make sure the clock connected to the debug hub (dbg_hub) core is a free running clock and is active OR
2. Manually launch hw_server with -e "set xsdb-user-bscan <C_USER_SCAN_CHAIN scan_chain_number>" to detect the debug hub at User Scan Chain of 2 or 4. To determine the user scan chain setting, open the implemented design and use: get_property C_USER_SCAN_CHAIN [get_debug_cores dbg_hub].
reset_run synth_1
launch_runs synth_1
INFO: [HDL 9-2216] Analyzing SystemVerilog file "C:/Users/Philip Glynn/Desktop/POVDisplay/POVDisplay.srcs/sources_1/imports/HDL files/povDisplay.sv" into library work [C:/Users/Philip Glynn/Desktop/POVDisplay/POVDisplay.srcs/sources_1/imports/HDL files/povDisplay.sv:1]
[Sun Dec 11 02:48:23 2016] Launched synth_1...
Run output will be captured here: C:/Users/Philip Glynn/Desktop/POVDisplay/POVDisplay.runs/synth_1/runme.log
launch_runs impl_1
[Sun Dec 11 02:49:34 2016] Launched impl_1...
Run output will be captured here: C:/Users/Philip Glynn/Desktop/POVDisplay/POVDisplay.runs/impl_1/runme.log
launch_runs impl_1 -to_step write_bitstream
[Sun Dec 11 02:52:02 2016] Launched impl_1...
Run output will be captured here: C:/Users/Philip Glynn/Desktop/POVDisplay/POVDisplay.runs/impl_1/runme.log
set_property PROBES.FILE {} [lindex [get_hw_devices xc7a35t_0] 0]
set_property PROGRAM.FILE {C:/Users/Philip Glynn/Desktop/POVDisplay/POVDisplay.runs/impl_1/povDisplay.bin} [lindex [get_hw_devices xc7a35t_0] 0]
program_hw_devices [lindex [get_hw_devices xc7a35t_0] 0]
INFO: [Labtools 27-3164] End of startup status: HIGH
refresh_hw_device [lindex [get_hw_devices xc7a35t_0] 0]
INFO: [Labtools 27-1434] Device xc7a35t (JTAG device index = 0) is programmed with a design that has no supported debug core(s) in it.
WARNING: [Labtools 27-3123] The debug hub core was not detected at User Scan Chain 1 or 3.
Resolution: 
1. Make sure the clock connected to the debug hub (dbg_hub) core is a free running clock and is active OR
2. Manually launch hw_server with -e "set xsdb-user-bscan <C_USER_SCAN_CHAIN scan_chain_number>" to detect the debug hub at User Scan Chain of 2 or 4. To determine the user scan chain setting, open the implemented design and use: get_property C_USER_SCAN_CHAIN [get_debug_cores dbg_hub].
reset_run synth_1
launch_runs synth_1
INFO: [HDL 9-2216] Analyzing SystemVerilog file "C:/Users/Philip Glynn/Desktop/POVDisplay/POVDisplay.srcs/sources_1/imports/HDL files/povDisplay.sv" into library work [C:/Users/Philip Glynn/Desktop/POVDisplay/POVDisplay.srcs/sources_1/imports/HDL files/povDisplay.sv:1]
[Sun Dec 11 02:55:53 2016] Launched synth_1...
Run output will be captured here: C:/Users/Philip Glynn/Desktop/POVDisplay/POVDisplay.runs/synth_1/runme.log
reset_run synth_1
ERROR: [Labtools 27-2269] No devices detected on target localhost:3121/xilinx_tcf/Digilent/210183A27C7EA.
Check cable connectivity and that the target board is powered up then
use the disconnect_hw_server and connect_hw_server to re-register this hardware target.
ERROR: [Labtoolstcl 44-513] HW Target shutdown. Closing target: localhost:3121/xilinx_tcf/Digilent/210183A27C7EA
launch_runs synth_1
INFO: [HDL 9-2216] Analyzing SystemVerilog file "C:/Users/Philip Glynn/Desktop/POVDisplay/POVDisplay.srcs/sources_1/imports/HDL files/povDisplay.sv" into library work [C:/Users/Philip Glynn/Desktop/POVDisplay/POVDisplay.srcs/sources_1/imports/HDL files/povDisplay.sv:1]
[Sun Dec 11 13:19:27 2016] Launched synth_1...
Run output will be captured here: C:/Users/Philip Glynn/Desktop/POVDisplay/POVDisplay.runs/synth_1/runme.log
INFO: [Labtoolstcl 44-466] Opening hw_target localhost:3121/xilinx_tcf/Digilent/210183A27C7EA
INFO: [Labtools 27-1434] Device xc7a35t (JTAG device index = 0) is programmed with a design that has no supported debug core(s) in it.
WARNING: [Labtools 27-3123] The debug hub core was not detected at User Scan Chain 1 or 3.
Resolution: 
1. Make sure the clock connected to the debug hub (dbg_hub) core is a free running clock and is active OR
2. Manually launch hw_server with -e "set xsdb-user-bscan <C_USER_SCAN_CHAIN scan_chain_number>" to detect the debug hub at User Scan Chain of 2 or 4. To determine the user scan chain setting, open the implemented design and use: get_property C_USER_SCAN_CHAIN [get_debug_cores dbg_hub].
reset_run synth_1
launch_runs synth_1
INFO: [HDL 9-2216] Analyzing SystemVerilog file "C:/Users/Philip Glynn/Desktop/POVDisplay/POVDisplay.srcs/sources_1/imports/HDL files/povDisplay.sv" into library work [C:/Users/Philip Glynn/Desktop/POVDisplay/POVDisplay.srcs/sources_1/imports/HDL files/povDisplay.sv:1]
[Sun Dec 11 13:21:22 2016] Launched synth_1...
Run output will be captured here: C:/Users/Philip Glynn/Desktop/POVDisplay/POVDisplay.runs/synth_1/runme.log
launch_runs impl_1
[Sun Dec 11 13:22:22 2016] Launched impl_1...
Run output will be captured here: C:/Users/Philip Glynn/Desktop/POVDisplay/POVDisplay.runs/impl_1/runme.log
launch_runs impl_1 -to_step write_bitstream
[Sun Dec 11 13:23:42 2016] Launched impl_1...
Run output will be captured here: C:/Users/Philip Glynn/Desktop/POVDisplay/POVDisplay.runs/impl_1/runme.log
set_property PROBES.FILE {} [lindex [get_hw_devices xc7a35t_0] 0]
set_property PROGRAM.FILE {C:/Users/Philip Glynn/Desktop/POVDisplay/POVDisplay.runs/impl_1/povDisplay.bin} [lindex [get_hw_devices xc7a35t_0] 0]
program_hw_devices [lindex [get_hw_devices xc7a35t_0] 0]
INFO: [Labtools 27-3164] End of startup status: HIGH
refresh_hw_device [lindex [get_hw_devices xc7a35t_0] 0]
INFO: [Labtools 27-1434] Device xc7a35t (JTAG device index = 0) is programmed with a design that has no supported debug core(s) in it.
WARNING: [Labtools 27-3123] The debug hub core was not detected at User Scan Chain 1 or 3.
Resolution: 
1. Make sure the clock connected to the debug hub (dbg_hub) core is a free running clock and is active OR
2. Manually launch hw_server with -e "set xsdb-user-bscan <C_USER_SCAN_CHAIN scan_chain_number>" to detect the debug hub at User Scan Chain of 2 or 4. To determine the user scan chain setting, open the implemented design and use: get_property C_USER_SCAN_CHAIN [get_debug_cores dbg_hub].
reset_run synth_1
launch_runs synth_1
INFO: [HDL 9-2216] Analyzing SystemVerilog file "C:/Users/Philip Glynn/Desktop/POVDisplay/POVDisplay.srcs/sources_1/imports/HDL files/povDisplay.sv" into library work [C:/Users/Philip Glynn/Desktop/POVDisplay/POVDisplay.srcs/sources_1/imports/HDL files/povDisplay.sv:1]
[Sun Dec 11 13:26:55 2016] Launched synth_1...
Run output will be captured here: C:/Users/Philip Glynn/Desktop/POVDisplay/POVDisplay.runs/synth_1/runme.log
launch_runs impl_1
[Sun Dec 11 13:28:44 2016] Launched impl_1...
Run output will be captured here: C:/Users/Philip Glynn/Desktop/POVDisplay/POVDisplay.runs/impl_1/runme.log
launch_runs impl_1 -to_step write_bitstream
[Sun Dec 11 13:32:03 2016] Launched impl_1...
Run output will be captured here: C:/Users/Philip Glynn/Desktop/POVDisplay/POVDisplay.runs/impl_1/runme.log
set_property PROBES.FILE {} [lindex [get_hw_devices xc7a35t_0] 0]
set_property PROGRAM.FILE {C:/Users/Philip Glynn/Desktop/POVDisplay/POVDisplay.runs/impl_1/povDisplay.bin} [lindex [get_hw_devices xc7a35t_0] 0]
program_hw_devices [lindex [get_hw_devices xc7a35t_0] 0]
INFO: [Labtools 27-3164] End of startup status: HIGH
refresh_hw_device [lindex [get_hw_devices xc7a35t_0] 0]
INFO: [Labtools 27-1434] Device xc7a35t (JTAG device index = 0) is programmed with a design that has no supported debug core(s) in it.
WARNING: [Labtools 27-3123] The debug hub core was not detected at User Scan Chain 1 or 3.
Resolution: 
1. Make sure the clock connected to the debug hub (dbg_hub) core is a free running clock and is active OR
2. Manually launch hw_server with -e "set xsdb-user-bscan <C_USER_SCAN_CHAIN scan_chain_number>" to detect the debug hub at User Scan Chain of 2 or 4. To determine the user scan chain setting, open the implemented design and use: get_property C_USER_SCAN_CHAIN [get_debug_cores dbg_hub].
reset_run synth_1
launch_runs synth_1
INFO: [HDL 9-2216] Analyzing SystemVerilog file "C:/Users/Philip Glynn/Desktop/POVDisplay/POVDisplay.srcs/sources_1/imports/HDL files/povDisplay.sv" into library work [C:/Users/Philip Glynn/Desktop/POVDisplay/POVDisplay.srcs/sources_1/imports/HDL files/povDisplay.sv:1]
[Sun Dec 11 13:35:54 2016] Launched synth_1...
Run output will be captured here: C:/Users/Philip Glynn/Desktop/POVDisplay/POVDisplay.runs/synth_1/runme.log
launch_runs impl_1
[Sun Dec 11 13:37:11 2016] Launched impl_1...
Run output will be captured here: C:/Users/Philip Glynn/Desktop/POVDisplay/POVDisplay.runs/impl_1/runme.log
launch_runs impl_1 -to_step write_bitstream
[Sun Dec 11 13:38:25 2016] Launched impl_1...
Run output will be captured here: C:/Users/Philip Glynn/Desktop/POVDisplay/POVDisplay.runs/impl_1/runme.log
set_property PROBES.FILE {} [lindex [get_hw_devices xc7a35t_0] 0]
set_property PROGRAM.FILE {C:/Users/Philip Glynn/Desktop/POVDisplay/POVDisplay.runs/impl_1/povDisplay.bin} [lindex [get_hw_devices xc7a35t_0] 0]
program_hw_devices [lindex [get_hw_devices xc7a35t_0] 0]
INFO: [Labtools 27-3164] End of startup status: HIGH
refresh_hw_device [lindex [get_hw_devices xc7a35t_0] 0]
INFO: [Labtools 27-1434] Device xc7a35t (JTAG device index = 0) is programmed with a design that has no supported debug core(s) in it.
WARNING: [Labtools 27-3123] The debug hub core was not detected at User Scan Chain 1 or 3.
Resolution: 
1. Make sure the clock connected to the debug hub (dbg_hub) core is a free running clock and is active OR
2. Manually launch hw_server with -e "set xsdb-user-bscan <C_USER_SCAN_CHAIN scan_chain_number>" to detect the debug hub at User Scan Chain of 2 or 4. To determine the user scan chain setting, open the implemented design and use: get_property C_USER_SCAN_CHAIN [get_debug_cores dbg_hub].
reset_run synth_1
launch_runs synth_1
INFO: [HDL 9-2216] Analyzing SystemVerilog file "C:/Users/Philip Glynn/Desktop/POVDisplay/POVDisplay.srcs/sources_1/imports/HDL files/povDisplay.sv" into library work [C:/Users/Philip Glynn/Desktop/POVDisplay/POVDisplay.srcs/sources_1/imports/HDL files/povDisplay.sv:1]
[Sun Dec 11 13:52:13 2016] Launched synth_1...
Run output will be captured here: C:/Users/Philip Glynn/Desktop/POVDisplay/POVDisplay.runs/synth_1/runme.log
reset_run synth_1
launch_runs synth_1
INFO: [HDL 9-2216] Analyzing SystemVerilog file "C:/Users/Philip Glynn/Desktop/POVDisplay/POVDisplay.srcs/sources_1/imports/HDL files/povDisplay.sv" into library work [C:/Users/Philip Glynn/Desktop/POVDisplay/POVDisplay.srcs/sources_1/imports/HDL files/povDisplay.sv:1]
[Sun Dec 11 13:53:21 2016] Launched synth_1...
Run output will be captured here: C:/Users/Philip Glynn/Desktop/POVDisplay/POVDisplay.runs/synth_1/runme.log
launch_runs impl_1
[Sun Dec 11 13:59:00 2016] Launched impl_1...
Run output will be captured here: C:/Users/Philip Glynn/Desktop/POVDisplay/POVDisplay.runs/impl_1/runme.log
launch_runs impl_1 -to_step write_bitstream
[Sun Dec 11 14:00:45 2016] Launched impl_1...
Run output will be captured here: C:/Users/Philip Glynn/Desktop/POVDisplay/POVDisplay.runs/impl_1/runme.log
set_property PROBES.FILE {} [lindex [get_hw_devices xc7a35t_0] 0]
set_property PROGRAM.FILE {C:/Users/Philip Glynn/Desktop/POVDisplay/POVDisplay.runs/impl_1/povDisplay.bin} [lindex [get_hw_devices xc7a35t_0] 0]
program_hw_devices [lindex [get_hw_devices xc7a35t_0] 0]
INFO: [Labtools 27-3164] End of startup status: HIGH
refresh_hw_device [lindex [get_hw_devices xc7a35t_0] 0]
INFO: [Labtools 27-1434] Device xc7a35t (JTAG device index = 0) is programmed with a design that has no supported debug core(s) in it.
WARNING: [Labtools 27-3123] The debug hub core was not detected at User Scan Chain 1 or 3.
Resolution: 
1. Make sure the clock connected to the debug hub (dbg_hub) core is a free running clock and is active OR
2. Manually launch hw_server with -e "set xsdb-user-bscan <C_USER_SCAN_CHAIN scan_chain_number>" to detect the debug hub at User Scan Chain of 2 or 4. To determine the user scan chain setting, open the implemented design and use: get_property C_USER_SCAN_CHAIN [get_debug_cores dbg_hub].
ERROR: [Labtools 27-2269] No devices detected on target localhost:3121/xilinx_tcf/Digilent/210183A27C7EA.
Check cable connectivity and that the target board is powered up then
use the disconnect_hw_server and connect_hw_server to re-register this hardware target.
ERROR: [Labtoolstcl 44-513] HW Target shutdown. Closing target: localhost:3121/xilinx_tcf/Digilent/210183A27C7EA
INFO: [Labtoolstcl 44-466] Opening hw_target localhost:3121/xilinx_tcf/Digilent/210183A27C7EA
INFO: [Labtools 27-1434] Device xc7a35t (JTAG device index = 0) is programmed with a design that has no supported debug core(s) in it.
WARNING: [Labtools 27-3123] The debug hub core was not detected at User Scan Chain 1 or 3.
Resolution: 
1. Make sure the clock connected to the debug hub (dbg_hub) core is a free running clock and is active OR
2. Manually launch hw_server with -e "set xsdb-user-bscan <C_USER_SCAN_CHAIN scan_chain_number>" to detect the debug hub at User Scan Chain of 2 or 4. To determine the user scan chain setting, open the implemented design and use: get_property C_USER_SCAN_CHAIN [get_debug_cores dbg_hub].
set_property PROBES.FILE {} [lindex [get_hw_devices xc7a35t_0] 0]
set_property PROGRAM.FILE {C:/Users/Philip Glynn/Desktop/POVDisplay/POVDisplay.runs/impl_1/povDisplay.bin} [lindex [get_hw_devices xc7a35t_0] 0]
program_hw_devices [lindex [get_hw_devices xc7a35t_0] 0]
INFO: [Labtools 27-3164] End of startup status: HIGH
refresh_hw_device [lindex [get_hw_devices xc7a35t_0] 0]
INFO: [Labtools 27-1434] Device xc7a35t (JTAG device index = 0) is programmed with a design that has no supported debug core(s) in it.
WARNING: [Labtools 27-3123] The debug hub core was not detected at User Scan Chain 1 or 3.
Resolution: 
1. Make sure the clock connected to the debug hub (dbg_hub) core is a free running clock and is active OR
2. Manually launch hw_server with -e "set xsdb-user-bscan <C_USER_SCAN_CHAIN scan_chain_number>" to detect the debug hub at User Scan Chain of 2 or 4. To determine the user scan chain setting, open the implemented design and use: get_property C_USER_SCAN_CHAIN [get_debug_cores dbg_hub].
ERROR: [Labtools 27-2269] No devices detected on target localhost:3121/xilinx_tcf/Digilent/210183A27C7EA.
Check cable connectivity and that the target board is powered up then
use the disconnect_hw_server and connect_hw_server to re-register this hardware target.
ERROR: [Labtoolstcl 44-513] HW Target shutdown. Closing target: localhost:3121/xilinx_tcf/Digilent/210183A27C7EA
reset_run synth_1
launch_runs synth_1
INFO: [HDL 9-2216] Analyzing SystemVerilog file "C:/Users/Philip Glynn/Desktop/POVDisplay/POVDisplay.srcs/sources_1/imports/HDL files/povDisplay.sv" into library work [C:/Users/Philip Glynn/Desktop/POVDisplay/POVDisplay.srcs/sources_1/imports/HDL files/povDisplay.sv:1]
[Sun Dec 11 14:39:04 2016] Launched synth_1...
Run output will be captured here: C:/Users/Philip Glynn/Desktop/POVDisplay/POVDisplay.runs/synth_1/runme.log
launch_runs impl_1
[Sun Dec 11 14:40:08 2016] Launched impl_1...
Run output will be captured here: C:/Users/Philip Glynn/Desktop/POVDisplay/POVDisplay.runs/impl_1/runme.log
INFO: [Labtoolstcl 44-466] Opening hw_target localhost:3121/xilinx_tcf/Digilent/210183A27C7EA
INFO: [Labtools 27-1434] Device xc7a35t (JTAG device index = 0) is programmed with a design that has no supported debug core(s) in it.
WARNING: [Labtools 27-3123] The debug hub core was not detected at User Scan Chain 1 or 3.
Resolution: 
1. Make sure the clock connected to the debug hub (dbg_hub) core is a free running clock and is active OR
2. Manually launch hw_server with -e "set xsdb-user-bscan <C_USER_SCAN_CHAIN scan_chain_number>" to detect the debug hub at User Scan Chain of 2 or 4. To determine the user scan chain setting, open the implemented design and use: get_property C_USER_SCAN_CHAIN [get_debug_cores dbg_hub].
launch_runs impl_1 -to_step write_bitstream
[Sun Dec 11 14:42:03 2016] Launched impl_1...
Run output will be captured here: C:/Users/Philip Glynn/Desktop/POVDisplay/POVDisplay.runs/impl_1/runme.log
set_property PROBES.FILE {} [lindex [get_hw_devices xc7a35t_0] 0]
set_property PROGRAM.FILE {C:/Users/Philip Glynn/Desktop/POVDisplay/POVDisplay.runs/impl_1/povDisplay.bin} [lindex [get_hw_devices xc7a35t_0] 0]
program_hw_devices [lindex [get_hw_devices xc7a35t_0] 0]
INFO: [Labtools 27-3164] End of startup status: HIGH
refresh_hw_device [lindex [get_hw_devices xc7a35t_0] 0]
INFO: [Labtools 27-1434] Device xc7a35t (JTAG device index = 0) is programmed with a design that has no supported debug core(s) in it.
WARNING: [Labtools 27-3123] The debug hub core was not detected at User Scan Chain 1 or 3.
Resolution: 
1. Make sure the clock connected to the debug hub (dbg_hub) core is a free running clock and is active OR
2. Manually launch hw_server with -e "set xsdb-user-bscan <C_USER_SCAN_CHAIN scan_chain_number>" to detect the debug hub at User Scan Chain of 2 or 4. To determine the user scan chain setting, open the implemented design and use: get_property C_USER_SCAN_CHAIN [get_debug_cores dbg_hub].
reset_run synth_1
launch_runs synth_1
INFO: [HDL 9-2216] Analyzing SystemVerilog file "C:/Users/Philip Glynn/Desktop/POVDisplay/POVDisplay.srcs/sources_1/imports/HDL files/povDisplay.sv" into library work [C:/Users/Philip Glynn/Desktop/POVDisplay/POVDisplay.srcs/sources_1/imports/HDL files/povDisplay.sv:1]
[Sun Dec 11 14:47:15 2016] Launched synth_1...
Run output will be captured here: C:/Users/Philip Glynn/Desktop/POVDisplay/POVDisplay.runs/synth_1/runme.log
launch_runs impl_1
[Sun Dec 11 14:49:58 2016] Launched impl_1...
Run output will be captured here: C:/Users/Philip Glynn/Desktop/POVDisplay/POVDisplay.runs/impl_1/runme.log
launch_runs impl_1 -to_step write_bitstream
[Sun Dec 11 14:51:54 2016] Launched impl_1...
Run output will be captured here: C:/Users/Philip Glynn/Desktop/POVDisplay/POVDisplay.runs/impl_1/runme.log
set_property PROBES.FILE {} [lindex [get_hw_devices xc7a35t_0] 0]
set_property PROGRAM.FILE {C:/Users/Philip Glynn/Desktop/POVDisplay/POVDisplay.runs/impl_1/povDisplay.bin} [lindex [get_hw_devices xc7a35t_0] 0]
program_hw_devices [lindex [get_hw_devices xc7a35t_0] 0]
INFO: [Labtools 27-3164] End of startup status: HIGH
refresh_hw_device [lindex [get_hw_devices xc7a35t_0] 0]
INFO: [Labtools 27-1434] Device xc7a35t (JTAG device index = 0) is programmed with a design that has no supported debug core(s) in it.
WARNING: [Labtools 27-3123] The debug hub core was not detected at User Scan Chain 1 or 3.
Resolution: 
1. Make sure the clock connected to the debug hub (dbg_hub) core is a free running clock and is active OR
2. Manually launch hw_server with -e "set xsdb-user-bscan <C_USER_SCAN_CHAIN scan_chain_number>" to detect the debug hub at User Scan Chain of 2 or 4. To determine the user scan chain setting, open the implemented design and use: get_property C_USER_SCAN_CHAIN [get_debug_cores dbg_hub].
reset_run synth_1
launch_runs synth_1
INFO: [HDL 9-2216] Analyzing SystemVerilog file "C:/Users/Philip Glynn/Desktop/POVDisplay/POVDisplay.srcs/sources_1/imports/HDL files/povDisplay.sv" into library work [C:/Users/Philip Glynn/Desktop/POVDisplay/POVDisplay.srcs/sources_1/imports/HDL files/povDisplay.sv:1]
[Sun Dec 11 14:56:09 2016] Launched synth_1...
Run output will be captured here: C:/Users/Philip Glynn/Desktop/POVDisplay/POVDisplay.runs/synth_1/runme.log
launch_runs impl_1
[Sun Dec 11 14:57:14 2016] Launched impl_1...
Run output will be captured here: C:/Users/Philip Glynn/Desktop/POVDisplay/POVDisplay.runs/impl_1/runme.log
launch_runs impl_1 -to_step write_bitstream
[Sun Dec 11 14:58:51 2016] Launched impl_1...
Run output will be captured here: C:/Users/Philip Glynn/Desktop/POVDisplay/POVDisplay.runs/impl_1/runme.log
set_property PROBES.FILE {} [lindex [get_hw_devices xc7a35t_0] 0]
set_property PROGRAM.FILE {C:/Users/Philip Glynn/Desktop/POVDisplay/POVDisplay.runs/impl_1/povDisplay.bin} [lindex [get_hw_devices xc7a35t_0] 0]
program_hw_devices [lindex [get_hw_devices xc7a35t_0] 0]
INFO: [Labtools 27-3164] End of startup status: HIGH
refresh_hw_device [lindex [get_hw_devices xc7a35t_0] 0]
INFO: [Labtools 27-1434] Device xc7a35t (JTAG device index = 0) is programmed with a design that has no supported debug core(s) in it.
WARNING: [Labtools 27-3123] The debug hub core was not detected at User Scan Chain 1 or 3.
Resolution: 
1. Make sure the clock connected to the debug hub (dbg_hub) core is a free running clock and is active OR
2. Manually launch hw_server with -e "set xsdb-user-bscan <C_USER_SCAN_CHAIN scan_chain_number>" to detect the debug hub at User Scan Chain of 2 or 4. To determine the user scan chain setting, open the implemented design and use: get_property C_USER_SCAN_CHAIN [get_debug_cores dbg_hub].
reset_run synth_1
launch_runs synth_1
INFO: [HDL 9-2216] Analyzing SystemVerilog file "C:/Users/Philip Glynn/Desktop/POVDisplay/POVDisplay.srcs/sources_1/imports/HDL files/povDisplay.sv" into library work [C:/Users/Philip Glynn/Desktop/POVDisplay/POVDisplay.srcs/sources_1/imports/HDL files/povDisplay.sv:1]
[Sun Dec 11 15:05:21 2016] Launched synth_1...
Run output will be captured here: C:/Users/Philip Glynn/Desktop/POVDisplay/POVDisplay.runs/synth_1/runme.log
launch_runs impl_1
[Sun Dec 11 15:07:00 2016] Launched impl_1...
Run output will be captured here: C:/Users/Philip Glynn/Desktop/POVDisplay/POVDisplay.runs/impl_1/runme.log
launch_runs impl_1 -to_step write_bitstream
[Sun Dec 11 15:08:35 2016] Launched impl_1...
Run output will be captured here: C:/Users/Philip Glynn/Desktop/POVDisplay/POVDisplay.runs/impl_1/runme.log
set_property PROBES.FILE {} [lindex [get_hw_devices xc7a35t_0] 0]
set_property PROGRAM.FILE {C:/Users/Philip Glynn/Desktop/POVDisplay/POVDisplay.runs/impl_1/povDisplay.bin} [lindex [get_hw_devices xc7a35t_0] 0]
program_hw_devices [lindex [get_hw_devices xc7a35t_0] 0]
INFO: [Labtools 27-3164] End of startup status: HIGH
refresh_hw_device [lindex [get_hw_devices xc7a35t_0] 0]
INFO: [Labtools 27-1434] Device xc7a35t (JTAG device index = 0) is programmed with a design that has no supported debug core(s) in it.
WARNING: [Labtools 27-3123] The debug hub core was not detected at User Scan Chain 1 or 3.
Resolution: 
1. Make sure the clock connected to the debug hub (dbg_hub) core is a free running clock and is active OR
2. Manually launch hw_server with -e "set xsdb-user-bscan <C_USER_SCAN_CHAIN scan_chain_number>" to detect the debug hub at User Scan Chain of 2 or 4. To determine the user scan chain setting, open the implemented design and use: get_property C_USER_SCAN_CHAIN [get_debug_cores dbg_hub].
reset_run synth_1
launch_runs synth_1
INFO: [HDL 9-2216] Analyzing SystemVerilog file "C:/Users/Philip Glynn/Desktop/POVDisplay/POVDisplay.srcs/sources_1/imports/HDL files/povDisplay.sv" into library work [C:/Users/Philip Glynn/Desktop/POVDisplay/POVDisplay.srcs/sources_1/imports/HDL files/povDisplay.sv:1]
[Sun Dec 11 15:14:00 2016] Launched synth_1...
Run output will be captured here: C:/Users/Philip Glynn/Desktop/POVDisplay/POVDisplay.runs/synth_1/runme.log
launch_runs impl_1
[Sun Dec 11 15:15:11 2016] Launched impl_1...
Run output will be captured here: C:/Users/Philip Glynn/Desktop/POVDisplay/POVDisplay.runs/impl_1/runme.log
launch_runs impl_1 -to_step write_bitstream
[Sun Dec 11 15:17:03 2016] Launched impl_1...
Run output will be captured here: C:/Users/Philip Glynn/Desktop/POVDisplay/POVDisplay.runs/impl_1/runme.log
set_property PROBES.FILE {} [lindex [get_hw_devices xc7a35t_0] 0]
set_property PROGRAM.FILE {C:/Users/Philip Glynn/Desktop/POVDisplay/POVDisplay.runs/impl_1/povDisplay.bin} [lindex [get_hw_devices xc7a35t_0] 0]
program_hw_devices [lindex [get_hw_devices xc7a35t_0] 0]
INFO: [Labtools 27-3164] End of startup status: HIGH
refresh_hw_device [lindex [get_hw_devices xc7a35t_0] 0]
INFO: [Labtools 27-1434] Device xc7a35t (JTAG device index = 0) is programmed with a design that has no supported debug core(s) in it.
WARNING: [Labtools 27-3123] The debug hub core was not detected at User Scan Chain 1 or 3.
Resolution: 
1. Make sure the clock connected to the debug hub (dbg_hub) core is a free running clock and is active OR
2. Manually launch hw_server with -e "set xsdb-user-bscan <C_USER_SCAN_CHAIN scan_chain_number>" to detect the debug hub at User Scan Chain of 2 or 4. To determine the user scan chain setting, open the implemented design and use: get_property C_USER_SCAN_CHAIN [get_debug_cores dbg_hub].
reset_run synth_1
launch_runs synth_1
INFO: [HDL 9-2216] Analyzing SystemVerilog file "C:/Users/Philip Glynn/Desktop/POVDisplay/POVDisplay.srcs/sources_1/imports/HDL files/povDisplay.sv" into library work [C:/Users/Philip Glynn/Desktop/POVDisplay/POVDisplay.srcs/sources_1/imports/HDL files/povDisplay.sv:1]
[Sun Dec 11 15:19:47 2016] Launched synth_1...
Run output will be captured here: C:/Users/Philip Glynn/Desktop/POVDisplay/POVDisplay.runs/synth_1/runme.log
launch_runs impl_1
[Sun Dec 11 15:20:44 2016] Launched impl_1...
Run output will be captured here: C:/Users/Philip Glynn/Desktop/POVDisplay/POVDisplay.runs/impl_1/runme.log
launch_runs impl_1 -to_step write_bitstream
[Sun Dec 11 15:22:07 2016] Launched impl_1...
Run output will be captured here: C:/Users/Philip Glynn/Desktop/POVDisplay/POVDisplay.runs/impl_1/runme.log
set_property PROBES.FILE {} [lindex [get_hw_devices xc7a35t_0] 0]
set_property PROGRAM.FILE {C:/Users/Philip Glynn/Desktop/POVDisplay/POVDisplay.runs/impl_1/povDisplay.bin} [lindex [get_hw_devices xc7a35t_0] 0]
program_hw_devices [lindex [get_hw_devices xc7a35t_0] 0]
INFO: [Labtools 27-3164] End of startup status: HIGH
refresh_hw_device [lindex [get_hw_devices xc7a35t_0] 0]
INFO: [Labtools 27-1434] Device xc7a35t (JTAG device index = 0) is programmed with a design that has no supported debug core(s) in it.
WARNING: [Labtools 27-3123] The debug hub core was not detected at User Scan Chain 1 or 3.
Resolution: 
1. Make sure the clock connected to the debug hub (dbg_hub) core is a free running clock and is active OR
2. Manually launch hw_server with -e "set xsdb-user-bscan <C_USER_SCAN_CHAIN scan_chain_number>" to detect the debug hub at User Scan Chain of 2 or 4. To determine the user scan chain setting, open the implemented design and use: get_property C_USER_SCAN_CHAIN [get_debug_cores dbg_hub].
reset_run synth_1
launch_runs synth_1
INFO: [HDL 9-2216] Analyzing SystemVerilog file "C:/Users/Philip Glynn/Desktop/POVDisplay/POVDisplay.srcs/sources_1/imports/HDL files/povDisplay.sv" into library work [C:/Users/Philip Glynn/Desktop/POVDisplay/POVDisplay.srcs/sources_1/imports/HDL files/povDisplay.sv:1]
[Sun Dec 11 15:25:32 2016] Launched synth_1...
Run output will be captured here: C:/Users/Philip Glynn/Desktop/POVDisplay/POVDisplay.runs/synth_1/runme.log
launch_runs impl_1
[Sun Dec 11 15:39:18 2016] Launched impl_1...
Run output will be captured here: C:/Users/Philip Glynn/Desktop/POVDisplay/POVDisplay.runs/impl_1/runme.log
launch_runs impl_1 -to_step write_bitstream
[Sun Dec 11 15:40:51 2016] Launched impl_1...
Run output will be captured here: C:/Users/Philip Glynn/Desktop/POVDisplay/POVDisplay.runs/impl_1/runme.log
set_property PROBES.FILE {} [lindex [get_hw_devices xc7a35t_0] 0]
set_property PROGRAM.FILE {C:/Users/Philip Glynn/Desktop/POVDisplay/POVDisplay.runs/impl_1/povDisplay.bin} [lindex [get_hw_devices xc7a35t_0] 0]
program_hw_devices [lindex [get_hw_devices xc7a35t_0] 0]
INFO: [Labtools 27-3164] End of startup status: HIGH
refresh_hw_device [lindex [get_hw_devices xc7a35t_0] 0]
INFO: [Labtools 27-1434] Device xc7a35t (JTAG device index = 0) is programmed with a design that has no supported debug core(s) in it.
WARNING: [Labtools 27-3123] The debug hub core was not detected at User Scan Chain 1 or 3.
Resolution: 
1. Make sure the clock connected to the debug hub (dbg_hub) core is a free running clock and is active OR
2. Manually launch hw_server with -e "set xsdb-user-bscan <C_USER_SCAN_CHAIN scan_chain_number>" to detect the debug hub at User Scan Chain of 2 or 4. To determine the user scan chain setting, open the implemented design and use: get_property C_USER_SCAN_CHAIN [get_debug_cores dbg_hub].
reset_run synth_1
launch_runs synth_1
INFO: [HDL 9-2216] Analyzing SystemVerilog file "C:/Users/Philip Glynn/Desktop/POVDisplay/POVDisplay.srcs/sources_1/imports/HDL files/povDisplay.sv" into library work [C:/Users/Philip Glynn/Desktop/POVDisplay/POVDisplay.srcs/sources_1/imports/HDL files/povDisplay.sv:1]
[Sun Dec 11 15:46:12 2016] Launched synth_1...
Run output will be captured here: C:/Users/Philip Glynn/Desktop/POVDisplay/POVDisplay.runs/synth_1/runme.log
launch_runs impl_1
[Sun Dec 11 15:47:45 2016] Launched impl_1...
Run output will be captured here: C:/Users/Philip Glynn/Desktop/POVDisplay/POVDisplay.runs/impl_1/runme.log
launch_runs impl_1 -to_step write_bitstream
[Sun Dec 11 15:51:41 2016] Launched impl_1...
Run output will be captured here: C:/Users/Philip Glynn/Desktop/POVDisplay/POVDisplay.runs/impl_1/runme.log
set_property PROBES.FILE {} [lindex [get_hw_devices xc7a35t_0] 0]
set_property PROGRAM.FILE {C:/Users/Philip Glynn/Desktop/POVDisplay/POVDisplay.runs/impl_1/povDisplay.bin} [lindex [get_hw_devices xc7a35t_0] 0]
program_hw_devices [lindex [get_hw_devices xc7a35t_0] 0]
INFO: [Labtools 27-3164] End of startup status: HIGH
refresh_hw_device [lindex [get_hw_devices xc7a35t_0] 0]
INFO: [Labtools 27-1434] Device xc7a35t (JTAG device index = 0) is programmed with a design that has no supported debug core(s) in it.
WARNING: [Labtools 27-3123] The debug hub core was not detected at User Scan Chain 1 or 3.
Resolution: 
1. Make sure the clock connected to the debug hub (dbg_hub) core is a free running clock and is active OR
2. Manually launch hw_server with -e "set xsdb-user-bscan <C_USER_SCAN_CHAIN scan_chain_number>" to detect the debug hub at User Scan Chain of 2 or 4. To determine the user scan chain setting, open the implemented design and use: get_property C_USER_SCAN_CHAIN [get_debug_cores dbg_hub].
reset_run synth_1
launch_runs synth_1
INFO: [HDL 9-2216] Analyzing SystemVerilog file "C:/Users/Philip Glynn/Desktop/POVDisplay/POVDisplay.srcs/sources_1/imports/HDL files/povDisplay.sv" into library work [C:/Users/Philip Glynn/Desktop/POVDisplay/POVDisplay.srcs/sources_1/imports/HDL files/povDisplay.sv:1]
[Sun Dec 11 15:54:33 2016] Launched synth_1...
Run output will be captured here: C:/Users/Philip Glynn/Desktop/POVDisplay/POVDisplay.runs/synth_1/runme.log
launch_runs impl_1
[Sun Dec 11 15:57:30 2016] Launched impl_1...
Run output will be captured here: C:/Users/Philip Glynn/Desktop/POVDisplay/POVDisplay.runs/impl_1/runme.log
launch_runs impl_1 -to_step write_bitstream
[Sun Dec 11 15:59:19 2016] Launched impl_1...
Run output will be captured here: C:/Users/Philip Glynn/Desktop/POVDisplay/POVDisplay.runs/impl_1/runme.log
set_property PROBES.FILE {} [lindex [get_hw_devices xc7a35t_0] 0]
set_property PROGRAM.FILE {C:/Users/Philip Glynn/Desktop/POVDisplay/POVDisplay.runs/impl_1/povDisplay.bin} [lindex [get_hw_devices xc7a35t_0] 0]
program_hw_devices [lindex [get_hw_devices xc7a35t_0] 0]
INFO: [Labtools 27-3164] End of startup status: HIGH
refresh_hw_device [lindex [get_hw_devices xc7a35t_0] 0]
INFO: [Labtools 27-1434] Device xc7a35t (JTAG device index = 0) is programmed with a design that has no supported debug core(s) in it.
WARNING: [Labtools 27-3123] The debug hub core was not detected at User Scan Chain 1 or 3.
Resolution: 
1. Make sure the clock connected to the debug hub (dbg_hub) core is a free running clock and is active OR
2. Manually launch hw_server with -e "set xsdb-user-bscan <C_USER_SCAN_CHAIN scan_chain_number>" to detect the debug hub at User Scan Chain of 2 or 4. To determine the user scan chain setting, open the implemented design and use: get_property C_USER_SCAN_CHAIN [get_debug_cores dbg_hub].
reset_run synth_1
launch_runs synth_1
INFO: [HDL 9-2216] Analyzing SystemVerilog file "C:/Users/Philip Glynn/Desktop/POVDisplay/POVDisplay.srcs/sources_1/imports/HDL files/povDisplay.sv" into library work [C:/Users/Philip Glynn/Desktop/POVDisplay/POVDisplay.srcs/sources_1/imports/HDL files/povDisplay.sv:1]
[Sun Dec 11 16:04:02 2016] Launched synth_1...
Run output will be captured here: C:/Users/Philip Glynn/Desktop/POVDisplay/POVDisplay.runs/synth_1/runme.log
launch_runs impl_1
[Sun Dec 11 16:05:09 2016] Launched impl_1...
Run output will be captured here: C:/Users/Philip Glynn/Desktop/POVDisplay/POVDisplay.runs/impl_1/runme.log
launch_runs impl_1 -to_step write_bitstream
[Sun Dec 11 16:06:51 2016] Launched impl_1...
Run output will be captured here: C:/Users/Philip Glynn/Desktop/POVDisplay/POVDisplay.runs/impl_1/runme.log
set_property PROBES.FILE {} [lindex [get_hw_devices xc7a35t_0] 0]
set_property PROGRAM.FILE {C:/Users/Philip Glynn/Desktop/POVDisplay/POVDisplay.runs/impl_1/povDisplay.bin} [lindex [get_hw_devices xc7a35t_0] 0]
program_hw_devices [lindex [get_hw_devices xc7a35t_0] 0]
INFO: [Labtools 27-3164] End of startup status: HIGH
refresh_hw_device [lindex [get_hw_devices xc7a35t_0] 0]
INFO: [Labtools 27-1434] Device xc7a35t (JTAG device index = 0) is programmed with a design that has no supported debug core(s) in it.
WARNING: [Labtools 27-3123] The debug hub core was not detected at User Scan Chain 1 or 3.
Resolution: 
1. Make sure the clock connected to the debug hub (dbg_hub) core is a free running clock and is active OR
2. Manually launch hw_server with -e "set xsdb-user-bscan <C_USER_SCAN_CHAIN scan_chain_number>" to detect the debug hub at User Scan Chain of 2 or 4. To determine the user scan chain setting, open the implemented design and use: get_property C_USER_SCAN_CHAIN [get_debug_cores dbg_hub].
reset_run synth_1
launch_runs synth_1
INFO: [HDL 9-2216] Analyzing SystemVerilog file "C:/Users/Philip Glynn/Desktop/POVDisplay/POVDisplay.srcs/sources_1/imports/HDL files/povDisplay.sv" into library work [C:/Users/Philip Glynn/Desktop/POVDisplay/POVDisplay.srcs/sources_1/imports/HDL files/povDisplay.sv:1]
[Sun Dec 11 16:08:24 2016] Launched synth_1...
Run output will be captured here: C:/Users/Philip Glynn/Desktop/POVDisplay/POVDisplay.runs/synth_1/runme.log
launch_runs impl_1
[Sun Dec 11 16:10:09 2016] Launched impl_1...
Run output will be captured here: C:/Users/Philip Glynn/Desktop/POVDisplay/POVDisplay.runs/impl_1/runme.log
launch_runs impl_1 -to_step write_bitstream
[Sun Dec 11 16:11:49 2016] Launched impl_1...
Run output will be captured here: C:/Users/Philip Glynn/Desktop/POVDisplay/POVDisplay.runs/impl_1/runme.log
reset_run synth_1
launch_runs synth_1
INFO: [HDL 9-2216] Analyzing SystemVerilog file "C:/Users/Philip Glynn/Desktop/POVDisplay/POVDisplay.srcs/sources_1/imports/HDL files/povDisplay.sv" into library work [C:/Users/Philip Glynn/Desktop/POVDisplay/POVDisplay.srcs/sources_1/imports/HDL files/povDisplay.sv:1]
[Sun Dec 11 16:19:50 2016] Launched synth_1...
Run output will be captured here: C:/Users/Philip Glynn/Desktop/POVDisplay/POVDisplay.runs/synth_1/runme.log
launch_runs impl_1
[Sun Dec 11 16:21:13 2016] Launched impl_1...
Run output will be captured here: C:/Users/Philip Glynn/Desktop/POVDisplay/POVDisplay.runs/impl_1/runme.log
launch_runs impl_1 -to_step write_bitstream
[Sun Dec 11 16:23:39 2016] Launched impl_1...
Run output will be captured here: C:/Users/Philip Glynn/Desktop/POVDisplay/POVDisplay.runs/impl_1/runme.log
set_property PROBES.FILE {} [lindex [get_hw_devices xc7a35t_0] 0]
set_property PROGRAM.FILE {C:/Users/Philip Glynn/Desktop/POVDisplay/POVDisplay.runs/impl_1/povDisplay.bin} [lindex [get_hw_devices xc7a35t_0] 0]
program_hw_devices [lindex [get_hw_devices xc7a35t_0] 0]
INFO: [Labtools 27-3164] End of startup status: HIGH
refresh_hw_device [lindex [get_hw_devices xc7a35t_0] 0]
INFO: [Labtools 27-1434] Device xc7a35t (JTAG device index = 0) is programmed with a design that has no supported debug core(s) in it.
WARNING: [Labtools 27-3123] The debug hub core was not detected at User Scan Chain 1 or 3.
Resolution: 
1. Make sure the clock connected to the debug hub (dbg_hub) core is a free running clock and is active OR
2. Manually launch hw_server with -e "set xsdb-user-bscan <C_USER_SCAN_CHAIN scan_chain_number>" to detect the debug hub at User Scan Chain of 2 or 4. To determine the user scan chain setting, open the implemented design and use: get_property C_USER_SCAN_CHAIN [get_debug_cores dbg_hub].
reset_run synth_1
launch_runs synth_1
INFO: [HDL 9-2216] Analyzing SystemVerilog file "C:/Users/Philip Glynn/Desktop/POVDisplay/POVDisplay.srcs/sources_1/imports/HDL files/povDisplay.sv" into library work [C:/Users/Philip Glynn/Desktop/POVDisplay/POVDisplay.srcs/sources_1/imports/HDL files/povDisplay.sv:1]
[Sun Dec 11 16:26:22 2016] Launched synth_1...
Run output will be captured here: C:/Users/Philip Glynn/Desktop/POVDisplay/POVDisplay.runs/synth_1/runme.log
launch_runs impl_1
[Sun Dec 11 16:30:08 2016] Launched impl_1...
Run output will be captured here: C:/Users/Philip Glynn/Desktop/POVDisplay/POVDisplay.runs/impl_1/runme.log
launch_runs impl_1 -to_step write_bitstream
[Sun Dec 11 16:32:32 2016] Launched impl_1...
Run output will be captured here: C:/Users/Philip Glynn/Desktop/POVDisplay/POVDisplay.runs/impl_1/runme.log
set_property PROBES.FILE {} [lindex [get_hw_devices xc7a35t_0] 0]
set_property PROGRAM.FILE {C:/Users/Philip Glynn/Desktop/POVDisplay/POVDisplay.runs/impl_1/povDisplay.bin} [lindex [get_hw_devices xc7a35t_0] 0]
program_hw_devices [lindex [get_hw_devices xc7a35t_0] 0]
INFO: [Labtools 27-3164] End of startup status: HIGH
refresh_hw_device [lindex [get_hw_devices xc7a35t_0] 0]
INFO: [Labtools 27-1434] Device xc7a35t (JTAG device index = 0) is programmed with a design that has no supported debug core(s) in it.
WARNING: [Labtools 27-3123] The debug hub core was not detected at User Scan Chain 1 or 3.
Resolution: 
1. Make sure the clock connected to the debug hub (dbg_hub) core is a free running clock and is active OR
2. Manually launch hw_server with -e "set xsdb-user-bscan <C_USER_SCAN_CHAIN scan_chain_number>" to detect the debug hub at User Scan Chain of 2 or 4. To determine the user scan chain setting, open the implemented design and use: get_property C_USER_SCAN_CHAIN [get_debug_cores dbg_hub].
reset_run synth_1
launch_runs synth_1
INFO: [HDL 9-2216] Analyzing SystemVerilog file "C:/Users/Philip Glynn/Desktop/POVDisplay/POVDisplay.srcs/sources_1/imports/HDL files/povDisplay.sv" into library work [C:/Users/Philip Glynn/Desktop/POVDisplay/POVDisplay.srcs/sources_1/imports/HDL files/povDisplay.sv:1]
[Sun Dec 11 16:37:21 2016] Launched synth_1...
Run output will be captured here: C:/Users/Philip Glynn/Desktop/POVDisplay/POVDisplay.runs/synth_1/runme.log
launch_runs impl_1
[Sun Dec 11 16:38:57 2016] Launched impl_1...
Run output will be captured here: C:/Users/Philip Glynn/Desktop/POVDisplay/POVDisplay.runs/impl_1/runme.log
launch_runs impl_1 -to_step write_bitstream
[Sun Dec 11 16:40:53 2016] Launched impl_1...
Run output will be captured here: C:/Users/Philip Glynn/Desktop/POVDisplay/POVDisplay.runs/impl_1/runme.log
set_property PROBES.FILE {} [lindex [get_hw_devices xc7a35t_0] 0]
set_property PROGRAM.FILE {C:/Users/Philip Glynn/Desktop/POVDisplay/POVDisplay.runs/impl_1/povDisplay.bin} [lindex [get_hw_devices xc7a35t_0] 0]
program_hw_devices [lindex [get_hw_devices xc7a35t_0] 0]
INFO: [Labtools 27-3164] End of startup status: HIGH
refresh_hw_device [lindex [get_hw_devices xc7a35t_0] 0]
INFO: [Labtools 27-1434] Device xc7a35t (JTAG device index = 0) is programmed with a design that has no supported debug core(s) in it.
WARNING: [Labtools 27-3123] The debug hub core was not detected at User Scan Chain 1 or 3.
Resolution: 
1. Make sure the clock connected to the debug hub (dbg_hub) core is a free running clock and is active OR
2. Manually launch hw_server with -e "set xsdb-user-bscan <C_USER_SCAN_CHAIN scan_chain_number>" to detect the debug hub at User Scan Chain of 2 or 4. To determine the user scan chain setting, open the implemented design and use: get_property C_USER_SCAN_CHAIN [get_debug_cores dbg_hub].
reset_run synth_1
launch_runs synth_1
INFO: [HDL 9-2216] Analyzing SystemVerilog file "C:/Users/Philip Glynn/Desktop/POVDisplay/POVDisplay.srcs/sources_1/imports/HDL files/povDisplay.sv" into library work [C:/Users/Philip Glynn/Desktop/POVDisplay/POVDisplay.srcs/sources_1/imports/HDL files/povDisplay.sv:1]
[Sun Dec 11 16:43:48 2016] Launched synth_1...
Run output will be captured here: C:/Users/Philip Glynn/Desktop/POVDisplay/POVDisplay.runs/synth_1/runme.log
launch_runs impl_1
[Sun Dec 11 16:45:32 2016] Launched impl_1...
Run output will be captured here: C:/Users/Philip Glynn/Desktop/POVDisplay/POVDisplay.runs/impl_1/runme.log
launch_runs impl_1 -to_step write_bitstream
[Sun Dec 11 16:48:18 2016] Launched impl_1...
Run output will be captured here: C:/Users/Philip Glynn/Desktop/POVDisplay/POVDisplay.runs/impl_1/runme.log
set_property PROBES.FILE {} [lindex [get_hw_devices xc7a35t_0] 0]
set_property PROGRAM.FILE {C:/Users/Philip Glynn/Desktop/POVDisplay/POVDisplay.runs/impl_1/povDisplay.bin} [lindex [get_hw_devices xc7a35t_0] 0]
program_hw_devices [lindex [get_hw_devices xc7a35t_0] 0]
INFO: [Labtools 27-3164] End of startup status: HIGH
refresh_hw_device [lindex [get_hw_devices xc7a35t_0] 0]
INFO: [Labtools 27-1434] Device xc7a35t (JTAG device index = 0) is programmed with a design that has no supported debug core(s) in it.
WARNING: [Labtools 27-3123] The debug hub core was not detected at User Scan Chain 1 or 3.
Resolution: 
1. Make sure the clock connected to the debug hub (dbg_hub) core is a free running clock and is active OR
2. Manually launch hw_server with -e "set xsdb-user-bscan <C_USER_SCAN_CHAIN scan_chain_number>" to detect the debug hub at User Scan Chain of 2 or 4. To determine the user scan chain setting, open the implemented design and use: get_property C_USER_SCAN_CHAIN [get_debug_cores dbg_hub].
reset_run synth_1
launch_runs synth_1
INFO: [HDL 9-2216] Analyzing SystemVerilog file "C:/Users/Philip Glynn/Desktop/POVDisplay/POVDisplay.srcs/sources_1/imports/HDL files/povDisplay.sv" into library work [C:/Users/Philip Glynn/Desktop/POVDisplay/POVDisplay.srcs/sources_1/imports/HDL files/povDisplay.sv:1]
[Sun Dec 11 16:56:53 2016] Launched synth_1...
Run output will be captured here: C:/Users/Philip Glynn/Desktop/POVDisplay/POVDisplay.runs/synth_1/runme.log
launch_runs impl_1
[Sun Dec 11 16:58:39 2016] Launched impl_1...
Run output will be captured here: C:/Users/Philip Glynn/Desktop/POVDisplay/POVDisplay.runs/impl_1/runme.log
launch_runs impl_1 -to_step write_bitstream
[Sun Dec 11 17:00:33 2016] Launched impl_1...
Run output will be captured here: C:/Users/Philip Glynn/Desktop/POVDisplay/POVDisplay.runs/impl_1/runme.log
set_property PROBES.FILE {} [lindex [get_hw_devices xc7a35t_0] 0]
set_property PROGRAM.FILE {C:/Users/Philip Glynn/Desktop/POVDisplay/POVDisplay.runs/impl_1/povDisplay.bin} [lindex [get_hw_devices xc7a35t_0] 0]
program_hw_devices [lindex [get_hw_devices xc7a35t_0] 0]
INFO: [Labtools 27-3164] End of startup status: HIGH
refresh_hw_device [lindex [get_hw_devices xc7a35t_0] 0]
INFO: [Labtools 27-1434] Device xc7a35t (JTAG device index = 0) is programmed with a design that has no supported debug core(s) in it.
WARNING: [Labtools 27-3123] The debug hub core was not detected at User Scan Chain 1 or 3.
Resolution: 
1. Make sure the clock connected to the debug hub (dbg_hub) core is a free running clock and is active OR
2. Manually launch hw_server with -e "set xsdb-user-bscan <C_USER_SCAN_CHAIN scan_chain_number>" to detect the debug hub at User Scan Chain of 2 or 4. To determine the user scan chain setting, open the implemented design and use: get_property C_USER_SCAN_CHAIN [get_debug_cores dbg_hub].
ERROR: [Labtools 27-2269] No devices detected on target localhost:3121/xilinx_tcf/Digilent/210183A27C7EA.
Check cable connectivity and that the target board is powered up then
use the disconnect_hw_server and connect_hw_server to re-register this hardware target.
ERROR: [Labtoolstcl 44-513] HW Target shutdown. Closing target: localhost:3121/xilinx_tcf/Digilent/210183A27C7EA
INFO: [Labtoolstcl 44-466] Opening hw_target localhost:3121/xilinx_tcf/Digilent/210183A27C7EA
INFO: [Labtools 27-1434] Device xc7a35t (JTAG device index = 0) is programmed with a design that has no supported debug core(s) in it.
WARNING: [Labtools 27-3123] The debug hub core was not detected at User Scan Chain 1 or 3.
Resolution: 
1. Make sure the clock connected to the debug hub (dbg_hub) core is a free running clock and is active OR
2. Manually launch hw_server with -e "set xsdb-user-bscan <C_USER_SCAN_CHAIN scan_chain_number>" to detect the debug hub at User Scan Chain of 2 or 4. To determine the user scan chain setting, open the implemented design and use: get_property C_USER_SCAN_CHAIN [get_debug_cores dbg_hub].
ERROR: [Labtools 27-2269] No devices detected on target localhost:3121/xilinx_tcf/Digilent/210183A27C7EA.
Check cable connectivity and that the target board is powered up then
use the disconnect_hw_server and connect_hw_server to re-register this hardware target.
ERROR: [Labtoolstcl 44-513] HW Target shutdown. Closing target: localhost:3121/xilinx_tcf/Digilent/210183A27C7EA
reset_run synth_1
launch_runs synth_1
INFO: [HDL 9-2216] Analyzing SystemVerilog file "C:/Users/Philip Glynn/Desktop/POVDisplay/POVDisplay.srcs/sources_1/imports/HDL files/povDisplay.sv" into library work [C:/Users/Philip Glynn/Desktop/POVDisplay/POVDisplay.srcs/sources_1/imports/HDL files/povDisplay.sv:1]
[Sun Dec 11 18:09:37 2016] Launched synth_1...
Run output will be captured here: C:/Users/Philip Glynn/Desktop/POVDisplay/POVDisplay.runs/synth_1/runme.log
launch_runs impl_1
[Sun Dec 11 18:10:41 2016] Launched impl_1...
Run output will be captured here: C:/Users/Philip Glynn/Desktop/POVDisplay/POVDisplay.runs/impl_1/runme.log
launch_runs impl_1 -to_step write_bitstream
[Sun Dec 11 18:18:39 2016] Launched impl_1...
Run output will be captured here: C:/Users/Philip Glynn/Desktop/POVDisplay/POVDisplay.runs/impl_1/runme.log
disconnect_hw_server localhost:3121
connect_hw_server
INFO: [Labtools 27-2285] Connecting to hw_server url TCP:localhost:3121
open_hw_target
INFO: [Labtoolstcl 44-466] Opening hw_target localhost:3121/xilinx_tcf/Digilent/210183A27C7EA
set_property PROGRAM.FILE {C:/Users/Philip Glynn/Desktop/POVDisplay/POVDisplay.runs/impl_1/povDisplay.bin} [lindex [get_hw_devices xc7a35t_0] 0]
current_hw_device [lindex [get_hw_devices xc7a35t_0] 0]
refresh_hw_device -update_hw_probes false [lindex [get_hw_devices xc7a35t_0] 0]
INFO: [Labtools 27-1434] Device xc7a35t (JTAG device index = 0) is programmed with a design that has no supported debug core(s) in it.
WARNING: [Labtools 27-3123] The debug hub core was not detected at User Scan Chain 1 or 3.
Resolution: 
1. Make sure the clock connected to the debug hub (dbg_hub) core is a free running clock and is active OR
2. Manually launch hw_server with -e "set xsdb-user-bscan <C_USER_SCAN_CHAIN scan_chain_number>" to detect the debug hub at User Scan Chain of 2 or 4. To determine the user scan chain setting, open the implemented design and use: get_property C_USER_SCAN_CHAIN [get_debug_cores dbg_hub].
set_property PROBES.FILE {} [lindex [get_hw_devices xc7a35t_0] 0]
set_property PROGRAM.FILE {C:/Users/Philip Glynn/Desktop/POVDisplay/POVDisplay.runs/impl_1/povDisplay.bin} [lindex [get_hw_devices xc7a35t_0] 0]
program_hw_devices [lindex [get_hw_devices xc7a35t_0] 0]
INFO: [Labtools 27-3164] End of startup status: HIGH
refresh_hw_device [lindex [get_hw_devices xc7a35t_0] 0]
INFO: [Labtools 27-1434] Device xc7a35t (JTAG device index = 0) is programmed with a design that has no supported debug core(s) in it.
WARNING: [Labtools 27-3123] The debug hub core was not detected at User Scan Chain 1 or 3.
Resolution: 
1. Make sure the clock connected to the debug hub (dbg_hub) core is a free running clock and is active OR
2. Manually launch hw_server with -e "set xsdb-user-bscan <C_USER_SCAN_CHAIN scan_chain_number>" to detect the debug hub at User Scan Chain of 2 or 4. To determine the user scan chain setting, open the implemented design and use: get_property C_USER_SCAN_CHAIN [get_debug_cores dbg_hub].
ERROR: [Labtools 27-2269] No devices detected on target localhost:3121/xilinx_tcf/Digilent/210183A27C7EA.
Check cable connectivity and that the target board is powered up then
use the disconnect_hw_server and connect_hw_server to re-register this hardware target.
ERROR: [Labtoolstcl 44-513] HW Target shutdown. Closing target: localhost:3121/xilinx_tcf/Digilent/210183A27C7EA
INFO: [Labtoolstcl 44-466] Opening hw_target localhost:3121/xilinx_tcf/Digilent/210183A27C7EA
INFO: [Labtools 27-1434] Device xc7a35t (JTAG device index = 0) is programmed with a design that has no supported debug core(s) in it.
WARNING: [Labtools 27-3123] The debug hub core was not detected at User Scan Chain 1 or 3.
Resolution: 
1. Make sure the clock connected to the debug hub (dbg_hub) core is a free running clock and is active OR
2. Manually launch hw_server with -e "set xsdb-user-bscan <C_USER_SCAN_CHAIN scan_chain_number>" to detect the debug hub at User Scan Chain of 2 or 4. To determine the user scan chain setting, open the implemented design and use: get_property C_USER_SCAN_CHAIN [get_debug_cores dbg_hub].
set_property PROBES.FILE {} [lindex [get_hw_devices xc7a35t_0] 0]
set_property PROGRAM.FILE {C:/Users/Philip Glynn/Desktop/POVDisplay/POVDisplay.runs/impl_1/povDisplay.bin} [lindex [get_hw_devices xc7a35t_0] 0]
program_hw_devices [lindex [get_hw_devices xc7a35t_0] 0]
INFO: [Labtools 27-3164] End of startup status: HIGH
refresh_hw_device [lindex [get_hw_devices xc7a35t_0] 0]
INFO: [Labtools 27-1434] Device xc7a35t (JTAG device index = 0) is programmed with a design that has no supported debug core(s) in it.
WARNING: [Labtools 27-3123] The debug hub core was not detected at User Scan Chain 1 or 3.
Resolution: 
1. Make sure the clock connected to the debug hub (dbg_hub) core is a free running clock and is active OR
2. Manually launch hw_server with -e "set xsdb-user-bscan <C_USER_SCAN_CHAIN scan_chain_number>" to detect the debug hub at User Scan Chain of 2 or 4. To determine the user scan chain setting, open the implemented design and use: get_property C_USER_SCAN_CHAIN [get_debug_cores dbg_hub].
ERROR: [Labtools 27-2269] No devices detected on target localhost:3121/xilinx_tcf/Digilent/210183A27C7EA.
Check cable connectivity and that the target board is powered up then
use the disconnect_hw_server and connect_hw_server to re-register this hardware target.
ERROR: [Labtoolstcl 44-513] HW Target shutdown. Closing target: localhost:3121/xilinx_tcf/Digilent/210183A27C7EA
INFO: [Labtoolstcl 44-466] Opening hw_target localhost:3121/xilinx_tcf/Digilent/210183A27C7EA
INFO: [Labtools 27-1434] Device xc7a35t (JTAG device index = 0) is programmed with a design that has no supported debug core(s) in it.
WARNING: [Labtools 27-3123] The debug hub core was not detected at User Scan Chain 1 or 3.
Resolution: 
1. Make sure the clock connected to the debug hub (dbg_hub) core is a free running clock and is active OR
2. Manually launch hw_server with -e "set xsdb-user-bscan <C_USER_SCAN_CHAIN scan_chain_number>" to detect the debug hub at User Scan Chain of 2 or 4. To determine the user scan chain setting, open the implemented design and use: get_property C_USER_SCAN_CHAIN [get_debug_cores dbg_hub].
ERROR: [Labtools 27-2269] No devices detected on target localhost:3121/xilinx_tcf/Digilent/210183A27C7EA.
Check cable connectivity and that the target board is powered up then
use the disconnect_hw_server and connect_hw_server to re-register this hardware target.
ERROR: [Labtoolstcl 44-513] HW Target shutdown. Closing target: localhost:3121/xilinx_tcf/Digilent/210183A27C7EA
INFO: [Labtoolstcl 44-466] Opening hw_target localhost:3121/xilinx_tcf/Digilent/210183A27C7EA
INFO: [Labtools 27-1434] Device xc7a35t (JTAG device index = 0) is programmed with a design that has no supported debug core(s) in it.
WARNING: [Labtools 27-3123] The debug hub core was not detected at User Scan Chain 1 or 3.
Resolution: 
1. Make sure the clock connected to the debug hub (dbg_hub) core is a free running clock and is active OR
2. Manually launch hw_server with -e "set xsdb-user-bscan <C_USER_SCAN_CHAIN scan_chain_number>" to detect the debug hub at User Scan Chain of 2 or 4. To determine the user scan chain setting, open the implemented design and use: get_property C_USER_SCAN_CHAIN [get_debug_cores dbg_hub].
set_property PROBES.FILE {} [lindex [get_hw_devices xc7a35t_0] 0]
set_property PROGRAM.FILE {C:/Users/Philip Glynn/Desktop/POVDisplay/POVDisplay.runs/impl_1/povDisplay.bin} [lindex [get_hw_devices xc7a35t_0] 0]
program_hw_devices [lindex [get_hw_devices xc7a35t_0] 0]
INFO: [Labtools 27-3164] End of startup status: HIGH
refresh_hw_device [lindex [get_hw_devices xc7a35t_0] 0]
INFO: [Labtools 27-1434] Device xc7a35t (JTAG device index = 0) is programmed with a design that has no supported debug core(s) in it.
WARNING: [Labtools 27-3123] The debug hub core was not detected at User Scan Chain 1 or 3.
Resolution: 
1. Make sure the clock connected to the debug hub (dbg_hub) core is a free running clock and is active OR
2. Manually launch hw_server with -e "set xsdb-user-bscan <C_USER_SCAN_CHAIN scan_chain_number>" to detect the debug hub at User Scan Chain of 2 or 4. To determine the user scan chain setting, open the implemented design and use: get_property C_USER_SCAN_CHAIN [get_debug_cores dbg_hub].
ERROR: [Labtools 27-2269] No devices detected on target localhost:3121/xilinx_tcf/Digilent/210183A27C7EA.
Check cable connectivity and that the target board is powered up then
use the disconnect_hw_server and connect_hw_server to re-register this hardware target.
ERROR: [Labtoolstcl 44-513] HW Target shutdown. Closing target: localhost:3121/xilinx_tcf/Digilent/210183A27C7EA
