Flow report for PovDisplay
Fri Apr 21 15:28:54 2017
Quartus Prime Version 16.0.0 Build 211 04/27/2016 SJ Lite Edition


---------------------
; Table of Contents ;
---------------------
  1. Legal Notice
  2. Flow Summary
  3. Flow Settings
  4. Flow Non-Default Global Settings
  5. Flow Elapsed Time
  6. Flow OS Summary
  7. Flow Log
  8. Flow Messages
  9. Flow Suppressed Messages



----------------
; Legal Notice ;
----------------
Copyright (C) 1991-2016 Altera Corporation. All rights reserved.
Your use of Altera Corporation's design tools, logic functions 
and other software and tools, and its AMPP partner logic 
functions, and any output files from any of the foregoing 
(including device programming or simulation files), and any 
associated documentation or information are expressly subject 
to the terms and conditions of the Altera Program License 
Subscription Agreement, the Altera Quartus Prime License Agreement,
the Altera MegaCore Function License Agreement, or other 
applicable license agreement, including, without limitation, 
that your use is for the sole purpose of programming logic 
devices manufactured by Altera and sold by Altera or its 
authorized distributors.  Please refer to the applicable 
agreement for further details.



+----------------------------------------------------------------------------------+
; Flow Summary                                                                     ;
+------------------------------------+---------------------------------------------+
; Flow Status                        ; Successful - Fri Apr 21 15:28:54 2017       ;
; Quartus Prime Version              ; 16.0.0 Build 211 04/27/2016 SJ Lite Edition ;
; Revision Name                      ; PovDisplay                                  ;
; Top-level Entity Name              ; povDisplay                                  ;
; Family                             ; MAX 10                                      ;
; Device                             ; 10M50DAF484C6GES                            ;
; Timing Models                      ; Preliminary                                 ;
; Total logic elements               ; 4,502 / 49,760 ( 9 % )                      ;
;     Total combinational functions  ; 4,440 / 49,760 ( 9 % )                      ;
;     Dedicated logic registers      ; 3,129 / 49,760 ( 6 % )                      ;
; Total registers                    ; 3129                                        ;
; Total pins                         ; 13 / 360 ( 4 % )                            ;
; Total virtual pins                 ; 0                                           ;
; Total memory bits                  ; 196,608 / 1,677,312 ( 12 % )                ;
; Embedded Multiplier 9-bit elements ; 0 / 288 ( 0 % )                             ;
; Total PLLs                         ; 0 / 4 ( 0 % )                               ;
; UFM blocks                         ; 0 / 1 ( 0 % )                               ;
; ADC blocks                         ; 0 / 2 ( 0 % )                               ;
+------------------------------------+---------------------------------------------+


+-----------------------------------------+
; Flow Settings                           ;
+-------------------+---------------------+
; Option            ; Setting             ;
+-------------------+---------------------+
; Start date & time ; 04/21/2017 15:27:13 ;
; Main task         ; Compilation         ;
; Revision Name     ; PovDisplay          ;
+-------------------+---------------------+


+-------------------------------------------------------------------------------------------------------------------------------------+
; Flow Non-Default Global Settings                                                                                                    ;
+--------------------------------------+-----------------------------------------------+---------------+-------------+----------------+
; Assignment Name                      ; Value                                         ; Default Value ; Entity Name ; Section Id     ;
+--------------------------------------+-----------------------------------------------+---------------+-------------+----------------+
; COMPILER_SIGNATURE_ID                ; 84440836025556.149278483302764                ; --            ; --          ; --             ;
; EDA_DESIGN_INSTANCE_NAME             ; NA                                            ; --            ; --          ; Uart_tb        ;
; EDA_NATIVELINK_SIMULATION_TEST_BENCH ; Uart_tb                                       ; --            ; --          ; eda_simulation ;
; EDA_NETLIST_WRITER_OUTPUT_DIR        ; C:/Users/sgspe/Desktop/HDL files/output_files ; --            ; --          ; eda_simulation ;
; EDA_OUTPUT_DATA_FORMAT               ; Verilog Hdl                                   ; --            ; --          ; eda_simulation ;
; EDA_SIMULATION_TOOL                  ; ModelSim-Altera (Verilog)                     ; <None>        ; --          ; --             ;
; EDA_TEST_BENCH_ENABLE_STATUS         ; TEST_BENCH_MODE                               ; --            ; --          ; eda_simulation ;
; EDA_TEST_BENCH_FILE                  ; output_files/uart_tb.sv                       ; --            ; --          ; Uart_tb        ;
; EDA_TEST_BENCH_MODULE_NAME           ; Uart_tb                                       ; --            ; --          ; Uart_tb        ;
; EDA_TEST_BENCH_NAME                  ; Uart_tb                                       ; --            ; --          ; eda_simulation ;
; EDA_TIME_SCALE                       ; 1 ps                                          ; --            ; --          ; eda_simulation ;
; MAX_CORE_JUNCTION_TEMP               ; 85                                            ; --            ; --          ; --             ;
; MIN_CORE_JUNCTION_TEMP               ; 0                                             ; --            ; --          ; --             ;
; PARTITION_COLOR                      ; 16764057                                      ; --            ; povDisplay  ; Top            ;
; PARTITION_FITTER_PRESERVATION_LEVEL  ; PLACEMENT_AND_ROUTING                         ; --            ; povDisplay  ; Top            ;
; PARTITION_NETLIST_TYPE               ; SOURCE                                        ; --            ; povDisplay  ; Top            ;
; POWER_BOARD_THERMAL_MODEL            ; None (CONSERVATIVE)                           ; --            ; --          ; --             ;
; POWER_PRESET_COOLING_SOLUTION        ; 23 MM HEAT SINK WITH 200 LFPM AIRFLOW         ; --            ; --          ; --             ;
; PROJECT_OUTPUT_DIRECTORY             ; output_files                                  ; --            ; --          ; --             ;
+--------------------------------------+-----------------------------------------------+---------------+-------------+----------------+


+-------------------------------------------------------------------------------------------------------------------------------+
; Flow Elapsed Time                                                                                                             ;
+---------------------------+--------------+-------------------------+---------------------+------------------------------------+
; Module Name               ; Elapsed Time ; Average Processors Used ; Peak Virtual Memory ; Total CPU Time (on all processors) ;
+---------------------------+--------------+-------------------------+---------------------+------------------------------------+
; Analysis & Synthesis      ; 00:00:33     ; 1.0                     ; 866 MB              ; 00:00:34                           ;
; Fitter                    ; 00:00:39     ; 1.0                     ; 1331 MB             ; 00:00:38                           ;
; Assembler                 ; 00:00:04     ; 1.0                     ; 772 MB              ; 00:00:03                           ;
; TimeQuest Timing Analyzer ; 00:00:07     ; 1.0                     ; 901 MB              ; 00:00:06                           ;
; EDA Netlist Writer        ; 00:00:03     ; 1.0                     ; 779 MB              ; 00:00:01                           ;
; Total                     ; 00:01:26     ; --                      ; --                  ; 00:01:22                           ;
+---------------------------+--------------+-------------------------+---------------------+------------------------------------+


+----------------------------------------------------------------------------------------+
; Flow OS Summary                                                                        ;
+---------------------------+------------------+-----------+------------+----------------+
; Module Name               ; Machine Hostname ; OS Name   ; OS Version ; Processor type ;
+---------------------------+------------------+-----------+------------+----------------+
; Analysis & Synthesis      ; DESKTOP-4JNUKIU  ; Windows 8 ; 6.2        ; x86_64         ;
; Fitter                    ; DESKTOP-4JNUKIU  ; Windows 8 ; 6.2        ; x86_64         ;
; Assembler                 ; DESKTOP-4JNUKIU  ; Windows 8 ; 6.2        ; x86_64         ;
; TimeQuest Timing Analyzer ; DESKTOP-4JNUKIU  ; Windows 8 ; 6.2        ; x86_64         ;
; EDA Netlist Writer        ; DESKTOP-4JNUKIU  ; Windows 8 ; 6.2        ; x86_64         ;
+---------------------------+------------------+-----------+------------+----------------+


------------
; Flow Log ;
------------
quartus_map --read_settings_files=on --write_settings_files=off PovDisplay -c PovDisplay
quartus_fit --read_settings_files=off --write_settings_files=off PovDisplay -c PovDisplay
quartus_asm --read_settings_files=off --write_settings_files=off PovDisplay -c PovDisplay
quartus_sta PovDisplay -c PovDisplay
quartus_eda --read_settings_files=off --write_settings_files=off PovDisplay -c PovDisplay



