Exception at PC 0x00007FF88F8F7788
Exception at PC 0x00007FF88F8F7788
Exception at PC 0x00007FF88F8F7788
Exception at PC 0x00007FF88F8F7788
Exception at PC 0x00007FF88F8F7788
Unable to capture context for thread 3172 in process 14820, can not generate back trace
Unable to capture context for thread 13208 in process 14820, can not generate back trace
Exception at PC 0x00007FF82788BB93
Printing stacktrace...

Unable to capture context for thread 13208 in process 14820, can not generate back trace
Exception at PC 0x00007FF88F8F7788
Exception at PC 0x00007FF88F8F7788
Exception at PC 0x00007FF88F8F7788
Exception at PC 0x00007FF88F8F7788
Exception at PC 0x00007FF88F8F7788
Exception at PC 0x00007FF88F8F7788
Exception at PC 0x00007FF88F8F7788
Exception at PC 0x00007FF88F8F7788
Exception at PC 0x00007FF88F8F7788
Exception at PC 0x00007FF88F8F7788
Exception at PC 0x00007FF88F8F7788
Exception at PC 0x00007FF88F8F7788
Exception at PC 0x00007FF88F8F7788
[0]  [0x00007FF82788BB93]
[1]  [0x00007FF82788BB93]
[2]  [0x00007FF82788B4A1]
[3]  [0x00007FF82788B3EF]
[4]  [0x00007FF8278719FE]
[5]  [0x00007FF827870ED1]
[6]  [0x00007FF827870D76]
[7]  [0x00007FF8278179F6]
[8]  [0x00007FF827807AFB]
[9]  [0x00007FF82792E90A]
[10]  [0x00007FF827949F87]
[11]  [0x00007FF82794A05F]
[12] (BaseThreadInitThunk+0x14) [0x00007FF891E18364]
[13] (RtlUserThreadStart+0x21) [0x00007FF892D65E91]
Done
Exception at PC 0x00007FF88F8F7788
Exception at PC 0x00007FF88F8F7788
